<?xml version="1.0" encoding="UTF-8"?>
<testsuite xmlns:xsi="http://www.w3.org/2001/XMLSchema-instance" xsi:noNamespaceSchemaLocation="https://maven.apache.org/surefire/maven-surefire-plugin/xsd/surefire-test-report-3.0.xsd" version="3.0" name="com.schoolFllow.newTest" time="0.439" tests="6" errors="2" skipped="0" failures="0">
  <properties>
[...]
</properties>
  <testcase name="test555" classname="com.schoolFllow.newTest" time="0.32">
    <error message="&#10;### Error querying database.  Cause: java.sql.SQLSyntaxErrorException: Unknown column &apos;identity_set&apos; in &apos;field list&apos;&#10;### The error may exist in com/schoolFllow/Mapper/UserMapper.java (best guess)&#10;### The error may involve defaultParameterMap&#10;### The error occurred while setting parameters&#10;### SQL: SELECT id,username,password,age,sex,signature,profile_photo,phone,email,state,identity_set,funcs FROM user WHERE id=?&#10;### Cause: java.sql.SQLSyntaxErrorException: Unknown column &apos;identity_set&apos; in &apos;field list&apos;&#10;; bad SQL grammar []" type="org.springframework.jdbc.BadSqlGrammarException"><![CDATA[org.springframework.jdbc.BadSqlGrammarException: 

### Error querying database.  Cause: java.sql.SQLSyntaxErrorException: Unknown column 'identity_set' in 'field list'
### The error may exist in com/schoolFllow/Mapper/UserMapper.java (best guess)
### The error may involve defaultParameterMap
### The error occurred while setting parameters
### SQL: SELECT id,username,password,age,sex,signature,profile_photo,phone,email,state,identity_set,funcs FROM user WHERE id=?
### Cause: java.sql.SQLSyntaxErrorException: Unknown column 'identity_set' in 'field list'
; bad SQL grammar []
	at org.springframework.jdbc.support.SQLErrorCodeSQLExceptionTranslator.doTranslate(SQLErrorCodeSQLExceptionTranslator.java:246)
	at org.springframework.jdbc.support.AbstractFallbackSQLExceptionTranslator.translate(AbstractFallbackSQLExceptionTranslator.java:73)
	at org.mybatis.spring.MyBatisExceptionTranslator.translateExceptionIfPossible(MyBatisExceptionTranslator.java:92)
	at org.mybatis.spring.SqlSessionTemplate$SqlSessionInterceptor.invoke(SqlSessionTemplate.java:439)
	at jdk.proxy2/jdk.proxy2.$Proxy72.selectOne(Unknown Source)
	at org.mybatis.spring.SqlSessionTemplate.selectOne(SqlSessionTemplate.java:160)
	at com.baomidou.mybatisplus.core.override.MybatisMapperMethod.execute(MybatisMapperMethod.java:89)
	at com.baomidou.mybatisplus.core.override.MybatisMapperProxy$PlainMethodInvoker.invoke(MybatisMapperProxy.java:148)
	at com.baomidou.mybatisplus.core.override.MybatisMapperProxy.invoke(MybatisMapperProxy.java:89)
	at jdk.proxy2/jdk.proxy2.$Proxy73.selectById(Unknown Source)
	at com.schoolFllow.newTest.test555(newTest.java:52)
	at java.base/jdk.internal.reflect.DirectMethodHandleAccessor.invoke(DirectMethodHandleAccessor.java:104)
	at java.base/java.lang.reflect.Method.invoke(Method.java:578)
	at org.junit.platform.commons.util.ReflectionUtils.invokeMethod(ReflectionUtils.java:727)
	at org.junit.jupiter.engine.execution.MethodInvocation.proceed(MethodInvocation.java:60)
	at org.junit.jupiter.engine.execution.InvocationInterceptorChain$ValidatingInvocation.proceed(InvocationInterceptorChain.java:131)
	at org.junit.jupiter.engine.extension.TimeoutExtension.intercept(TimeoutExtension.java:156)
	at org.junit.jupiter.engine.extension.TimeoutExtension.interceptTestableMethod(TimeoutExtension.java:147)
	at org.junit.jupiter.engine.extension.TimeoutExtension.interceptTestMethod(TimeoutExtension.java:86)
	at org.junit.jupiter.engine.execution.InterceptingExecutableInvoker$ReflectiveInterceptorCall.lambda$ofVoidMethod$0(InterceptingExecutableInvoker.java:103)
	at org.junit.jupiter.engine.execution.InterceptingExecutableInvoker.lambda$invoke$0(InterceptingExecutableInvoker.java:93)
	at org.junit.jupiter.engine.execution.InvocationInterceptorChain$InterceptedInvocation.proceed(InvocationInterceptorChain.java:106)
	at org.junit.jupiter.engine.execution.InvocationInterceptorChain.proceed(InvocationInterceptorChain.java:64)
	at org.junit.jupiter.engine.execution.InvocationInterceptorChain.chainAndInvoke(InvocationInterceptorChain.java:45)
	at org.junit.jupiter.engine.execution.InvocationInterceptorChain.invoke(InvocationInterceptorChain.java:37)
	at org.junit.jupiter.engine.execution.InterceptingExecutableInvoker.invoke(InterceptingExecutableInvoker.java:92)
	at org.junit.jupiter.engine.execution.InterceptingExecutableInvoker.invoke(InterceptingExecutableInvoker.java:86)
	at org.junit.jupiter.engine.descriptor.TestMethodTestDescriptor.lambda$invokeTestMethod$7(TestMethodTestDescriptor.java:217)
	at org.junit.platform.engine.support.hierarchical.ThrowableCollector.execute(ThrowableCollector.java:73)
	at org.junit.jupiter.engine.descriptor.TestMethodTestDescriptor.invokeTestMethod(TestMethodTestDescriptor.java:213)
	at org.junit.jupiter.engine.descriptor.TestMethodTestDescriptor.execute(TestMethodTestDescriptor.java:138)
	at org.junit.jupiter.engine.descriptor.TestMethodTestDescriptor.execute(TestMethodTestDescriptor.java:68)
	at org.junit.platform.engine.support.hierarchical.NodeTestTask.lambda$executeRecursively$6(NodeTestTask.java:151)
	at org.junit.platform.engine.support.hierarchical.ThrowableCollector.execute(ThrowableCollector.java:73)
	at org.junit.platform.engine.support.hierarchical.NodeTestTask.lambda$executeRecursively$8(NodeTestTask.java:141)
	at org.junit.platform.engine.support.hierarchical.Node.around(Node.java:137)
	at org.junit.platform.engine.support.hierarchical.NodeTestTask.lambda$executeRecursively$9(NodeTestTask.java:139)
	at org.junit.platform.engine.support.hierarchical.ThrowableCollector.execute(ThrowableCollector.java:73)
	at org.junit.platform.engine.support.hierarchical.NodeTestTask.executeRecursively(NodeTestTask.java:138)
	at org.junit.platform.engine.support.hierarchical.NodeTestTask.execute(NodeTestTask.java:95)
	at java.base/java.util.ArrayList.forEach(ArrayList.java:1511)
	at org.junit.platform.engine.support.hierarchical.SameThreadHierarchicalTestExecutorService.invokeAll(SameThreadHierarchicalTestExecutorService.java:41)
	at org.junit.platform.engine.support.hierarchical.NodeTestTask.lambda$executeRecursively$6(NodeTestTask.java:155)
	at org.junit.platform.engine.support.hierarchical.ThrowableCollector.execute(ThrowableCollector.java:73)
	at org.junit.platform.engine.support.hierarchical.NodeTestTask.lambda$executeRecursively$8(NodeTestTask.java:141)
	at org.junit.platform.engine.support.hierarchical.Node.around(Node.java:137)
	at org.junit.platform.engine.support.hierarchical.NodeTestTask.lambda$executeRecursively$9(NodeTestTask.java:139)
	at org.junit.platform.engine.support.hierarchical.ThrowableCollector.execute(ThrowableCollector.java:73)
	at org.junit.platform.engine.support.hierarchical.NodeTestTask.executeRecursively(NodeTestTask.java:138)
	at org.junit.platform.engine.support.hierarchical.NodeTestTask.execute(NodeTestTask.java:95)
	at java.base/java.util.ArrayList.forEach(ArrayList.java:1511)
	at org.junit.platform.engine.support.hierarchical.SameThreadHierarchicalTestExecutorService.invokeAll(SameThreadHierarchicalTestExecutorService.java:41)
	at org.junit.platform.engine.support.hierarchical.NodeTestTask.lambda$executeRecursively$6(NodeTestTask.java:155)
	at org.junit.platform.engine.support.hierarchical.ThrowableCollector.execute(ThrowableCollector.java:73)
	at org.junit.platform.engine.support.hierarchical.NodeTestTask.lambda$executeRecursively$8(NodeTestTask.java:141)
	at org.junit.platform.engine.support.hierarchical.Node.around(Node.java:137)
	at org.junit.platform.engine.support.hierarchical.NodeTestTask.lambda$executeRecursively$9(NodeTestTask.java:139)
	at org.junit.platform.engine.support.hierarchical.ThrowableCollector.execute(ThrowableCollector.java:73)
	at org.junit.platform.engine.support.hierarchical.NodeTestTask.executeRecursively(NodeTestTask.java:138)
	at org.junit.platform.engine.support.hierarchical.NodeTestTask.execute(NodeTestTask.java:95)
	at org.junit.platform.engine.support.hierarchical.SameThreadHierarchicalTestExecutorService.submit(SameThreadHierarchicalTestExecutorService.java:35)
	at org.junit.platform.engine.support.hierarchical.HierarchicalTestExecutor.execute(HierarchicalTestExecutor.java:57)
	at org.junit.platform.engine.support.hierarchical.HierarchicalTestEngine.execute(HierarchicalTestEngine.java:54)
	at org.junit.platform.launcher.core.EngineExecutionOrchestrator.execute(EngineExecutionOrchestrator.java:147)
	at org.junit.platform.launcher.core.EngineExecutionOrchestrator.execute(EngineExecutionOrchestrator.java:127)
	at org.junit.platform.launcher.core.EngineExecutionOrchestrator.execute(EngineExecutionOrchestrator.java:90)
	at org.junit.platform.launcher.core.EngineExecutionOrchestrator.lambda$execute$0(EngineExecutionOrchestrator.java:55)
	at org.junit.platform.launcher.core.EngineExecutionOrchestrator.withInterceptedStreams(EngineExecutionOrchestrator.java:102)
	at org.junit.platform.launcher.core.EngineExecutionOrchestrator.execute(EngineExecutionOrchestrator.java:54)
	at org.junit.platform.launcher.core.DefaultLauncher.execute(DefaultLauncher.java:114)
	at org.junit.platform.launcher.core.DefaultLauncher.execute(DefaultLauncher.java:86)
	at org.junit.platform.launcher.core.DefaultLauncherSession$DelegatingLauncher.execute(DefaultLauncherSession.java:86)
	at org.apache.maven.surefire.junitplatform.LazyLauncher.execute(LazyLauncher.java:50)
	at org.apache.maven.surefire.junitplatform.JUnitPlatformProvider.execute(JUnitPlatformProvider.java:184)
	at org.apache.maven.surefire.junitplatform.JUnitPlatformProvider.invokeAllTests(JUnitPlatformProvider.java:148)
	at org.apache.maven.surefire.junitplatform.JUnitPlatformProvider.invoke(JUnitPlatformProvider.java:122)
	at org.apache.maven.surefire.booter.ForkedBooter.runSuitesInProcess(ForkedBooter.java:385)
	at org.apache.maven.surefire.booter.ForkedBooter.execute(ForkedBooter.java:162)
	at org.apache.maven.surefire.booter.ForkedBooter.run(ForkedBooter.java:507)
	at org.apache.maven.surefire.booter.ForkedBooter.main(ForkedBooter.java:495)
Caused by: java.sql.SQLSyntaxErrorException: Unknown column 'identity_set' in 'field list'
	at com.mysql.cj.jdbc.exceptions.SQLError.createSQLException(SQLError.java:121)
	at com.mysql.cj.jdbc.exceptions.SQLExceptionsMapping.translateException(SQLExceptionsMapping.java:122)
	at com.mysql.cj.jdbc.ClientPreparedStatement.executeInternal(ClientPreparedStatement.java:916)
	at com.mysql.cj.jdbc.ClientPreparedStatement.execute(ClientPreparedStatement.java:354)
	at com.zaxxer.hikari.pool.ProxyPreparedStatement.execute(ProxyPreparedStatement.java:44)
	at com.zaxxer.hikari.pool.HikariProxyPreparedStatement.execute(HikariProxyPreparedStatement.java)
	at java.base/jdk.internal.reflect.DirectMethodHandleAccessor.invoke(DirectMethodHandleAccessor.java:104)
	at java.base/java.lang.reflect.Method.invoke(Method.java:578)
	at org.apache.ibatis.logging.jdbc.PreparedStatementLogger.invoke(PreparedStatementLogger.java:58)
	at jdk.proxy3/jdk.proxy3.$Proxy144.execute(Unknown Source)
	at org.apache.ibatis.executor.statement.PreparedStatementHandler.query(PreparedStatementHandler.java:65)
	at org.apache.ibatis.executor.statement.RoutingStatementHandler.query(RoutingStatementHandler.java:80)
	at org.apache.ibatis.executor.SimpleExecutor.doQuery(SimpleExecutor.java:65)
	at org.apache.ibatis.executor.BaseExecutor.queryFromDatabase(BaseExecutor.java:333)
	at org.apache.ibatis.executor.BaseExecutor.query(BaseExecutor.java:158)
	at org.apache.ibatis.executor.CachingExecutor.query(CachingExecutor.java:110)
	at org.apache.ibatis.executor.CachingExecutor.query(CachingExecutor.java:90)
	at org.apache.ibatis.session.defaults.DefaultSqlSession.selectList(DefaultSqlSession.java:154)
	at org.apache.ibatis.session.defaults.DefaultSqlSession.selectList(DefaultSqlSession.java:147)
	at org.apache.ibatis.session.defaults.DefaultSqlSession.selectList(DefaultSqlSession.java:142)
	at org.apache.ibatis.session.defaults.DefaultSqlSession.selectOne(DefaultSqlSession.java:75)
	at java.base/jdk.internal.reflect.DirectMethodHandleAccessor.invoke(DirectMethodHandleAccessor.java:104)
	at java.base/java.lang.reflect.Method.invoke(Method.java:578)
	at org.mybatis.spring.SqlSessionTemplate$SqlSessionInterceptor.invoke(SqlSessionTemplate.java:425)
	... 76 more
]]></error>
    <system-out><![CDATA[2023-11-27T23:07:36.642+08:00  INFO 27340 --- [           main] t.c.s.AnnotationConfigContextLoaderUtils : Could not detect default configuration classes for test class [com.schoolFllow.newTest]: newTest does not declare any static, non-private, non-final, nested classes annotated with @Configuration.
2023-11-27T23:07:36.644+08:00  INFO 27340 --- [           main] .b.t.c.SpringBootTestContextBootstrapper : Found @SpringBootConfiguration com.schoolFllow.schoolApplication for test class com.schoolFllow.newTest
Creating a new SqlSession
SqlSession [org.apache.ibatis.session.defaults.DefaultSqlSession@6c75e3bc] was not registered for synchronization because synchronization is not active
2023-11-27T23:07:36.735+08:00  INFO 27340 --- [           main] com.zaxxer.hikari.HikariDataSource       : HikariPool-1 - Starting...
2023-11-27T23:07:36.892+08:00  INFO 27340 --- [           main] com.zaxxer.hikari.pool.HikariPool        : HikariPool-1 - Added connection com.mysql.cj.jdbc.ConnectionImpl@66682e8f
2023-11-27T23:07:36.893+08:00  INFO 27340 --- [           main] com.zaxxer.hikari.HikariDataSource       : HikariPool-1 - Start completed.
JDBC Connection [HikariProxyConnection@1124663701 wrapping com.mysql.cj.jdbc.ConnectionImpl@66682e8f] will not be managed by Spring
==>  Preparing: SELECT id,username,password,age,sex,signature,profile_photo,phone,email,state,identity_set,funcs FROM user WHERE id=?
==> Parameters: 2(Integer)
Closing non transactional SqlSession [org.apache.ibatis.session.defaults.DefaultSqlSession@6c75e3bc]
]]></system-out>
  </testcase>
  <testcase name="testAC2" classname="com.schoolFllow.newTest" time="0.046">
    <system-out><![CDATA[Creating a new SqlSession
SqlSession [org.apache.ibatis.session.defaults.DefaultSqlSession@1fcc3461] was not registered for synchronization because synchronization is not active
JDBC Connection [HikariProxyConnection@428310651 wrapping com.mysql.cj.jdbc.ConnectionImpl@66682e8f] will not be managed by Spring
==>  Preparing: select * from activity where ac_title like concat('%', ?, '%');
==> Parameters: 书(String)
<==    Columns: ac_id, ac_title, ac_desc, alu_id, ac_create_time, ac_start_time, ac_end_time, ac_count, ac_status, ac_opinion
<==        Row: 1, 参观图书馆, 参观图书馆参观图书馆参观图书馆参观图书馆参观图书馆, 49, 2020-02-11 11:41:04, 2020-02-12 11:41:09, 2020-02-15 11:41:13, 6, 1, 审核通过
<==      Total: 1
Closing non transactional SqlSession [org.apache.ibatis.session.defaults.DefaultSqlSession@1fcc3461]
[Activity(acId=1, acTitle=参观图书馆, acDesc=参观图书馆参观图书馆参观图书馆参观图书馆参观图书馆, aluId=49, acCreateTime=2020-02-11T11:41:04, acStartTime=2020-02-12T11:41:09, acEndTime=2020-02-15T11:41:13, acCount=6, acStatus=1, acOpinion=审核通过)]
]]></system-out>
  </testcase>
  <testcase name="testJWT" classname="com.schoolFllow.newTest" time="0.006">
    <system-out><![CDATA[eyJhbGciOiJIUzI1NiJ9.eyJwYXNzd29yZCI6NDU2LCJwcmVtcyI6WyIvMTIzIiwiLzQ1NiIsIi83ODkiXSwiaWQiOjU0LCJleHAiOjE3MDExMDY2NTcsImlhdCI6MTcwMTA5NzY1N30.Jh1qdp6RaDqHB-eBSkZzJtrnaai1HB6yo9wbBb6tpp8
]]></system-out>
  </testcase>
  <testcase name="testJET2" classname="com.schoolFllow.newTest" time="0.005">
    <error message="JWT String argument cannot be null or empty." type="java.lang.IllegalArgumentException"><![CDATA[java.lang.IllegalArgumentException: JWT String argument cannot be null or empty.
	at io.jsonwebtoken.lang.Assert.hasText(Assert.java:135)
	at io.jsonwebtoken.impl.DefaultJwtParser.parse(DefaultJwtParser.java:479)
	at io.jsonwebtoken.impl.DefaultJwtParser.parseClaimsJws(DefaultJwtParser.java:541)
	at com.schoolFllow.Web.JwtUtils.parseToken(JwtUtils.java:37)
	at com.schoolFllow.newTest.testJET2(newTest.java:68)
	at java.base/jdk.internal.reflect.DirectMethodHandleAccessor.invoke(DirectMethodHandleAccessor.java:104)
	at java.base/java.lang.reflect.Method.invoke(Method.java:578)
	at org.junit.platform.commons.util.ReflectionUtils.invokeMethod(ReflectionUtils.java:727)
	at org.junit.jupiter.engine.execution.MethodInvocation.proceed(MethodInvocation.java:60)
	at org.junit.jupiter.engine.execution.InvocationInterceptorChain$ValidatingInvocation.proceed(InvocationInterceptorChain.java:131)
	at org.junit.jupiter.engine.extension.TimeoutExtension.intercept(TimeoutExtension.java:156)
	at org.junit.jupiter.engine.extension.TimeoutExtension.interceptTestableMethod(TimeoutExtension.java:147)
	at org.junit.jupiter.engine.extension.TimeoutExtension.interceptTestMethod(TimeoutExtension.java:86)
	at org.junit.jupiter.engine.execution.InterceptingExecutableInvoker$ReflectiveInterceptorCall.lambda$ofVoidMethod$0(InterceptingExecutableInvoker.java:103)
	at org.junit.jupiter.engine.execution.InterceptingExecutableInvoker.lambda$invoke$0(InterceptingExecutableInvoker.java:93)
	at org.junit.jupiter.engine.execution.InvocationInterceptorChain$InterceptedInvocation.proceed(InvocationInterceptorChain.java:106)
	at org.junit.jupiter.engine.execution.InvocationInterceptorChain.proceed(InvocationInterceptorChain.java:64)
	at org.junit.jupiter.engine.execution.InvocationInterceptorChain.chainAndInvoke(InvocationInterceptorChain.java:45)
	at org.junit.jupiter.engine.execution.InvocationInterceptorChain.invoke(InvocationInterceptorChain.java:37)
	at org.junit.jupiter.engine.execution.InterceptingExecutableInvoker.invoke(InterceptingExecutableInvoker.java:92)
	at org.junit.jupiter.engine.execution.InterceptingExecutableInvoker.invoke(InterceptingExecutableInvoker.java:86)
	at org.junit.jupiter.engine.descriptor.TestMethodTestDescriptor.lambda$invokeTestMethod$7(TestMethodTestDescriptor.java:217)
	at org.junit.platform.engine.support.hierarchical.ThrowableCollector.execute(ThrowableCollector.java:73)
	at org.junit.jupiter.engine.descriptor.TestMethodTestDescriptor.invokeTestMethod(TestMethodTestDescriptor.java:213)
	at org.junit.jupiter.engine.descriptor.TestMethodTestDescriptor.execute(TestMethodTestDescriptor.java:138)
	at org.junit.jupiter.engine.descriptor.TestMethodTestDescriptor.execute(TestMethodTestDescriptor.java:68)
	at org.junit.platform.engine.support.hierarchical.NodeTestTask.lambda$executeRecursively$6(NodeTestTask.java:151)
	at org.junit.platform.engine.support.hierarchical.ThrowableCollector.execute(ThrowableCollector.java:73)
	at org.junit.platform.engine.support.hierarchical.NodeTestTask.lambda$executeRecursively$8(NodeTestTask.java:141)
	at org.junit.platform.engine.support.hierarchical.Node.around(Node.java:137)
	at org.junit.platform.engine.support.hierarchical.NodeTestTask.lambda$executeRecursively$9(NodeTestTask.java:139)
	at org.junit.platform.engine.support.hierarchical.ThrowableCollector.execute(ThrowableCollector.java:73)
	at org.junit.platform.engine.support.hierarchical.NodeTestTask.executeRecursively(NodeTestTask.java:138)
	at org.junit.platform.engine.support.hierarchical.NodeTestTask.execute(NodeTestTask.java:95)
	at java.base/java.util.ArrayList.forEach(ArrayList.java:1511)
	at org.junit.platform.engine.support.hierarchical.SameThreadHierarchicalTestExecutorService.invokeAll(SameThreadHierarchicalTestExecutorService.java:41)
	at org.junit.platform.engine.support.hierarchical.NodeTestTask.lambda$executeRecursively$6(NodeTestTask.java:155)
	at org.junit.platform.engine.support.hierarchical.ThrowableCollector.execute(ThrowableCollector.java:73)
	at org.junit.platform.engine.support.hierarchical.NodeTestTask.lambda$executeRecursively$8(NodeTestTask.java:141)
	at org.junit.platform.engine.support.hierarchical.Node.around(Node.java:137)
	at org.junit.platform.engine.support.hierarchical.NodeTestTask.lambda$executeRecursively$9(NodeTestTask.java:139)
	at org.junit.platform.engine.support.hierarchical.ThrowableCollector.execute(ThrowableCollector.java:73)
	at org.junit.platform.engine.support.hierarchical.NodeTestTask.executeRecursively(NodeTestTask.java:138)
	at org.junit.platform.engine.support.hierarchical.NodeTestTask.execute(NodeTestTask.java:95)
	at java.base/java.util.ArrayList.forEach(ArrayList.java:1511)
	at org.junit.platform.engine.support.hierarchical.SameThreadHierarchicalTestExecutorService.invokeAll(SameThreadHierarchicalTestExecutorService.java:41)
	at org.junit.platform.engine.support.hierarchical.NodeTestTask.lambda$executeRecursively$6(NodeTestTask.java:155)
	at org.junit.platform.engine.support.hierarchical.ThrowableCollector.execute(ThrowableCollector.java:73)
	at org.junit.platform.engine.support.hierarchical.NodeTestTask.lambda$executeRecursively$8(NodeTestTask.java:141)
	at org.junit.platform.engine.support.hierarchical.Node.around(Node.java:137)
	at org.junit.platform.engine.support.hierarchical.NodeTestTask.lambda$executeRecursively$9(NodeTestTask.java:139)
	at org.junit.platform.engine.support.hierarchical.ThrowableCollector.execute(ThrowableCollector.java:73)
	at org.junit.platform.engine.support.hierarchical.NodeTestTask.executeRecursively(NodeTestTask.java:138)
	at org.junit.platform.engine.support.hierarchical.NodeTestTask.execute(NodeTestTask.java:95)
	at org.junit.platform.engine.support.hierarchical.SameThreadHierarchicalTestExecutorService.submit(SameThreadHierarchicalTestExecutorService.java:35)
	at org.junit.platform.engine.support.hierarchical.HierarchicalTestExecutor.execute(HierarchicalTestExecutor.java:57)
	at org.junit.platform.engine.support.hierarchical.HierarchicalTestEngine.execute(HierarchicalTestEngine.java:54)
	at org.junit.platform.launcher.core.EngineExecutionOrchestrator.execute(EngineExecutionOrchestrator.java:147)
	at org.junit.platform.launcher.core.EngineExecutionOrchestrator.execute(EngineExecutionOrchestrator.java:127)
	at org.junit.platform.launcher.core.EngineExecutionOrchestrator.execute(EngineExecutionOrchestrator.java:90)
	at org.junit.platform.launcher.core.EngineExecutionOrchestrator.lambda$execute$0(EngineExecutionOrchestrator.java:55)
	at org.junit.platform.launcher.core.EngineExecutionOrchestrator.withInterceptedStreams(EngineExecutionOrchestrator.java:102)
	at org.junit.platform.launcher.core.EngineExecutionOrchestrator.execute(EngineExecutionOrchestrator.java:54)
	at org.junit.platform.launcher.core.DefaultLauncher.execute(DefaultLauncher.java:114)
	at org.junit.platform.launcher.core.DefaultLauncher.execute(DefaultLauncher.java:86)
	at org.junit.platform.launcher.core.DefaultLauncherSession$DelegatingLauncher.execute(DefaultLauncherSession.java:86)
	at org.apache.maven.surefire.junitplatform.LazyLauncher.execute(LazyLauncher.java:50)
	at org.apache.maven.surefire.junitplatform.JUnitPlatformProvider.execute(JUnitPlatformProvider.java:184)
	at org.apache.maven.surefire.junitplatform.JUnitPlatformProvider.invokeAllTests(JUnitPlatformProvider.java:148)
	at org.apache.maven.surefire.junitplatform.JUnitPlatformProvider.invoke(JUnitPlatformProvider.java:122)
	at org.apache.maven.surefire.booter.ForkedBooter.runSuitesInProcess(ForkedBooter.java:385)
	at org.apache.maven.surefire.booter.ForkedBooter.execute(ForkedBooter.java:162)
	at org.apache.maven.surefire.booter.ForkedBooter.run(ForkedBooter.java:507)
	at org.apache.maven.surefire.booter.ForkedBooter.main(ForkedBooter.java:495)
]]></error>
  </testcase>
  <testcase name="testAC" classname="com.schoolFllow.newTest" time="0.013">
    <system-out><![CDATA[Creating a new SqlSession
SqlSession [org.apache.ibatis.session.defaults.DefaultSqlSession@60f3239f] was not registered for synchronization because synchronization is not active
JDBC Connection [HikariProxyConnection@1796226487 wrapping com.mysql.cj.jdbc.ConnectionImpl@66682e8f] will not be managed by Spring
==>  Preparing: select * from activity;
==> Parameters: 
<==    Columns: ac_id, ac_title, ac_desc, alu_id, ac_create_time, ac_start_time, ac_end_time, ac_count, ac_status, ac_opinion
<==        Row: 1, 参观图书馆, 参观图书馆参观图书馆参观图书馆参观图书馆参观图书馆, 49, 2020-02-11 11:41:04, 2020-02-12 11:41:09, 2020-02-15 11:41:13, 6, 1, 审核通过
<==        Row: 2, 新冠疫情防疫支援活动, 统计住户信息，对外来人员进行登记, 1, 2020-03-14 21:23:56, 2020-03-15 11:41:00, 2020-04-16 11:41:00, 2, 1, 审核通过
<==        Row: 3, 知识讲座活动, 这个知识讲座活动，欢迎踊跃报名, 1, 2020-03-14 21:28:43, 2020-03-17 10:00:00, 2020-03-17 12:00:00, 25, 1, 审核通过
<==        Row: 4, 就业指导活动, 帮助大四学生如何找工作, 1, 2020-03-15 21:08:50, 2020-03-16 10:00:00, 2020-03-17 14:00:00, 20, 1, 1111
<==        Row: 5, 毕设系统验收, 毕设系统验收毕设系统验收, 46, 2020-04-08 13:17:37, 2020-04-09 00:00:00, 2020-04-10 00:00:00, 31, 1, 审核通过
<==        Row: 6, 广州校友会聚餐, 广州校友会聚餐广州校友会聚餐, 45, 2020-04-08 14:08:22, 2020-04-09 00:00:00, 2020-04-09 10:00:00, 10, 1, 允许
<==        Row: 7, 毕设系统演示活动, 毕设系统演示活动毕设系统演示活动, 44, 2020-04-09 14:59:55, 2020-04-09 14:00:00, 2020-04-10 00:00:00, 11, 1, 审核通过
<==        Row: 9, 创建校友活动测试, 创建校友活动测试用例, 1, 2020-04-18 17:00:12, 2020-04-18 18:00:00, 2020-04-19 00:00:00, 1, 0, 1234
<==        Row: 10, 毕设盲审, 4-28到4-30进行论文盲审, 1, 2020-04-30 11:03:41, 2020-04-28 00:00:00, 2020-04-30 00:00:00, 20, 1, 123
<==      Total: 9
Closing non transactional SqlSession [org.apache.ibatis.session.defaults.DefaultSqlSession@60f3239f]
[Activity(acId=1, acTitle=参观图书馆, acDesc=参观图书馆参观图书馆参观图书馆参观图书馆参观图书馆, aluId=49, acCreateTime=2020-02-11T11:41:04, acStartTime=2020-02-12T11:41:09, acEndTime=2020-02-15T11:41:13, acCount=6, acStatus=1, acOpinion=审核通过), Activity(acId=2, acTitle=新冠疫情防疫支援活动, acDesc=统计住户信息，对外来人员进行登记, aluId=1, acCreateTime=2020-03-14T21:23:56, acStartTime=2020-03-15T11:41, acEndTime=2020-04-16T11:41, acCount=2, acStatus=1, acOpinion=审核通过), Activity(acId=3, acTitle=知识讲座活动, acDesc=这个知识讲座活动，欢迎踊跃报名, aluId=1, acCreateTime=2020-03-14T21:28:43, acStartTime=2020-03-17T10:00, acEndTime=2020-03-17T12:00, acCount=25, acStatus=1, acOpinion=审核通过), Activity(acId=4, acTitle=就业指导活动, acDesc=帮助大四学生如何找工作, aluId=1, acCreateTime=2020-03-15T21:08:50, acStartTime=2020-03-16T10:00, acEndTime=2020-03-17T14:00, acCount=20, acStatus=1, acOpinion=1111), Activity(acId=5, acTitle=毕设系统验收, acDesc=毕设系统验收毕设系统验收, aluId=46, acCreateTime=2020-04-08T13:17:37, acStartTime=2020-04-09T00:00, acEndTime=2020-04-10T00:00, acCount=31, acStatus=1, acOpinion=审核通过), Activity(acId=6, acTitle=广州校友会聚餐, acDesc=广州校友会聚餐广州校友会聚餐, aluId=45, acCreateTime=2020-04-08T14:08:22, acStartTime=2020-04-09T00:00, acEndTime=2020-04-09T10:00, acCount=10, acStatus=1, acOpinion=允许), Activity(acId=7, acTitle=毕设系统演示活动, acDesc=毕设系统演示活动毕设系统演示活动, aluId=44, acCreateTime=2020-04-09T14:59:55, acStartTime=2020-04-09T14:00, acEndTime=2020-04-10T00:00, acCount=11, acStatus=1, acOpinion=审核通过), Activity(acId=9, acTitle=创建校友活动测试, acDesc=创建校友活动测试用例, aluId=1, acCreateTime=2020-04-18T17:00:12, acStartTime=2020-04-18T18:00, acEndTime=2020-04-19T00:00, acCount=1, acStatus=0, acOpinion=1234), Activity(acId=10, acTitle=毕设盲审, acDesc=4-28到4-30进行论文盲审, aluId=1, acCreateTime=2020-04-30T11:03:41, acStartTime=2020-04-28T00:00, acEndTime=2020-04-30T00:00, acCount=20, acStatus=1, acOpinion=123)]
]]></system-out>
  </testcase>
  <testcase name="dddterst" classname="com.schoolFllow.newTest" time="0.026">
    <system-out><![CDATA[Creating a new SqlSession
SqlSession [org.apache.ibatis.session.defaults.DefaultSqlSession@1f12d5e0] was not registered for synchronization because synchronization is not active
JDBC Connection [HikariProxyConnection@538385628 wrapping com.mysql.cj.jdbc.ConnectionImpl@66682e8f] will not be managed by Spring
==>  Preparing: SELECT f.id, f.name, f.parent_id, f.perms, f.menu_type FROM identity i LEFT JOIN identity_function ifu ON i.id = ifu.identity_id LEFT JOIN `function` f ON f.id = ifu.function_id WHERE i.id IN ( ? )
==> Parameters: 3(Integer)
<==    Columns: id, name, parent_id, perms, menu_type
<==        Row: 2, 校友信息查看, null, /alumni/search, 0
<==        Row: 4, 活动信息查看, null, /activity/search, 0
<==      Total: 2
Closing non transactional SqlSession [org.apache.ibatis.session.defaults.DefaultSqlSession@1f12d5e0]
[Function(id=2, name=校友信息查看, parentId=null, perms=/alumni/search, menuType=0), Function(id=4, name=活动信息查看, parentId=null, perms=/activity/search, menuType=0)]
]]></system-out>
  </testcase>
</testsuite>