<?xml version="1.0" encoding="UTF-8"?>
<testsuite xmlns:xsi="http://www.w3.org/2001/XMLSchema-instance" xsi:noNamespaceSchemaLocation="https://maven.apache.org/surefire/maven-surefire-plugin/xsd/surefire-test-report-3.0.xsd" version="3.0" name="com.schoolFllow.ddddTest" time="3.14" tests="2" errors="1" skipped="0" failures="0">
  <properties>
[...]
</properties>
  <testcase name="testJWT" classname="com.schoolFllow.ddddTest" time="0.728">
    <system-out><![CDATA[23:07:33.611 [main] INFO org.springframework.test.context.support.AnnotationConfigContextLoaderUtils -- Could not detect default configuration classes for test class [com.schoolFllow.ddddTest]: ddddTest does not declare any static, non-private, non-final, nested classes annotated with @Configuration.
23:07:33.681 [main] INFO org.springframework.boot.test.context.SpringBootTestContextBootstrapper -- Found @SpringBootConfiguration com.schoolFllow.schoolApplication for test class com.schoolFllow.ddddTest
   __
   )|     _________________________.------,_                  _
 _/o|_____/  ,_____________.__;__,__,__,__,_Y...:::---===````//
|==========\  ;  ;  ;  ;  ; \__,__\__,_____ --__,-.\(=~\(=)\((
           `-----------|__,__/__,__/__/  )=))~((   '-\=(\&(~\\\
                         \ ==== \          \\~~\\     \~~)[JW]\\
                         `| === |           ))~~\\     ```"""=,))
     AK47                 | === |           |'---')
                         / ==== /           `====='
                        ´------´
2023-11-27T23:07:33.992+08:00  INFO 27340 --- [           main] com.schoolFllow.ddddTest                 : Starting ddddTest using Java 20.0.2 with PID 27340 (started by heshijie in E:\SoftWareFile\Java\SpringBoot\SchoolFllowProject)
2023-11-27T23:07:33.995+08:00  INFO 27340 --- [           main] com.schoolFllow.ddddTest                 : No active profile set, falling back to 1 default profile: "default"
2023-11-27T23:07:34.414+08:00 DEBUG 27340 --- [           main] c.b.m.a.MybatisPlusAutoConfiguration     : Searching for mappers annotated with @Mapper
2023-11-27T23:07:34.414+08:00 DEBUG 27340 --- [           main] c.b.m.a.MybatisPlusAutoConfiguration     : Using auto-configuration base package 'com.schoolFllow'
Logging initialized using 'class org.apache.ibatis.logging.stdout.StdOutImpl' adapter.
Parsed mapper file: 'file [E:\SoftWareFile\Java\SpringBoot\SchoolFllowProject\target\classes\mapper\ActivityMapper.xml]'
Parsed mapper file: 'file [E:\SoftWareFile\Java\SpringBoot\SchoolFllowProject\target\classes\mapper\AlumniMapper.xml]'
Parsed mapper file: 'file [E:\SoftWareFile\Java\SpringBoot\SchoolFllowProject\target\classes\mapper\FunctionMapper.xml]'
Parsed mapper file: 'file [E:\SoftWareFile\Java\SpringBoot\SchoolFllowProject\target\classes\mapper\IdentityMapper.xml]'
Parsed mapper file: 'file [E:\SoftWareFile\Java\SpringBoot\SchoolFllowProject\target\classes\mapper\UserMapper.xml]'
Initialization Sequence datacenterId:19 workerId:2
 _ _   |_  _ _|_. ___ _ |    _ 
| | |\/|_)(_| | |_\  |_)||_|_\ 
     /               |         
                        3.5.3.2 
2023-11-27T23:07:35.387+08:00  INFO 27340 --- [           main] o.s.s.web.DefaultSecurityFilterChain     : Will secure any request with [org.springframework.security.web.session.DisableEncodeUrlFilter@413d2cd1, org.springframework.security.web.context.request.async.WebAsyncManagerIntegrationFilter@644d1b61, org.springframework.security.web.context.SecurityContextHolderFilter@443a53df, org.springframework.security.web.header.HeaderWriterFilter@25a1a012, org.springframework.security.web.authentication.logout.LogoutFilter@5e0c4f21, org.springframework.security.web.savedrequest.RequestCacheAwareFilter@69aabcb0, org.springframework.security.web.servletapi.SecurityContextHolderAwareRequestFilter@5bf9ea6b, org.springframework.security.web.authentication.AnonymousAuthenticationFilter@2443135, org.springframework.security.web.access.ExceptionTranslationFilter@3434a4f0, org.springframework.security.web.access.intercept.AuthorizationFilter@15c6027d]
2023-11-27T23:07:35.794+08:00 DEBUG 27340 --- [           main] c.b.m.a.MybatisPlusAutoConfiguration     : Not found configuration for registering mapper bean using @MapperScan, MapperFactoryBean and MapperScannerConfigurer.
2023-11-27T23:07:35.875+08:00  INFO 27340 --- [           main] com.schoolFllow.ddddTest                 : Started ddddTest in 2.089 seconds (process running for 2.902)
eyJhbGciOiJIUzI1NiJ9.eyJwYXNzd29yZCI6IjQ1NiIsInByZW1zIjpbIjEyMyIsIjU2IiwiNzg5Il0sImlkIjo1NCwiZXhwIjoxNzAxMTA2NjU2LCJpYXQiOjE3MDEwOTc2NTZ9.2-pECxwgfMgt11r8UqD5rUPA7jsotyfu7JxymeH_AxU
]]></system-out>
  </testcase>
  <testcase name="testJET2" classname="com.schoolFllow.ddddTest" time="0.006">
    <error message="JWT String argument cannot be null or empty." type="java.lang.IllegalArgumentException"><![CDATA[java.lang.IllegalArgumentException: JWT String argument cannot be null or empty.
	at io.jsonwebtoken.lang.Assert.hasText(Assert.java:135)
	at io.jsonwebtoken.impl.DefaultJwtParser.parse(DefaultJwtParser.java:479)
	at io.jsonwebtoken.impl.DefaultJwtParser.parseClaimsJws(DefaultJwtParser.java:541)
	at com.schoolFllow.Web.JwtUtils.parseToken(JwtUtils.java:37)
	at com.schoolFllow.ddddTest.testJET2(ddddTest.java:25)
	at java.base/jdk.internal.reflect.DirectMethodHandleAccessor.invoke(DirectMethodHandleAccessor.java:104)
	at java.base/java.lang.reflect.Method.invoke(Method.java:578)
	at org.junit.platform.commons.util.ReflectionUtils.invokeMethod(ReflectionUtils.java:727)
	at org.junit.jupiter.engine.execution.MethodInvocation.proceed(MethodInvocation.java:60)
	at org.junit.jupiter.engine.execution.InvocationInterceptorChain$ValidatingInvocation.proceed(InvocationInterceptorChain.java:131)
	at org.junit.jupiter.engine.extension.TimeoutExtension.intercept(TimeoutExtension.java:156)
	at org.junit.jupiter.engine.extension.TimeoutExtension.interceptTestableMethod(TimeoutExtension.java:147)
	at org.junit.jupiter.engine.extension.TimeoutExtension.interceptTestMethod(TimeoutExtension.java:86)
	at org.junit.jupiter.engine.execution.InterceptingExecutableInvoker$ReflectiveInterceptorCall.lambda$ofVoidMethod$0(InterceptingExecutableInvoker.java:103)
	at org.junit.jupiter.engine.execution.InterceptingExecutableInvoker.lambda$invoke$0(InterceptingExecutableInvoker.java:93)
	at org.junit.jupiter.engine.execution.InvocationInterceptorChain$InterceptedInvocation.proceed(InvocationInterceptorChain.java:106)
	at org.junit.jupiter.engine.execution.InvocationInterceptorChain.proceed(InvocationInterceptorChain.java:64)
	at org.junit.jupiter.engine.execution.InvocationInterceptorChain.chainAndInvoke(InvocationInterceptorChain.java:45)
	at org.junit.jupiter.engine.execution.InvocationInterceptorChain.invoke(InvocationInterceptorChain.java:37)
	at org.junit.jupiter.engine.execution.InterceptingExecutableInvoker.invoke(InterceptingExecutableInvoker.java:92)
	at org.junit.jupiter.engine.execution.InterceptingExecutableInvoker.invoke(InterceptingExecutableInvoker.java:86)
	at org.junit.jupiter.engine.descriptor.TestMethodTestDescriptor.lambda$invokeTestMethod$7(TestMethodTestDescriptor.java:217)
	at org.junit.platform.engine.support.hierarchical.ThrowableCollector.execute(ThrowableCollector.java:73)
	at org.junit.jupiter.engine.descriptor.TestMethodTestDescriptor.invokeTestMethod(TestMethodTestDescriptor.java:213)
	at org.junit.jupiter.engine.descriptor.TestMethodTestDescriptor.execute(TestMethodTestDescriptor.java:138)
	at org.junit.jupiter.engine.descriptor.TestMethodTestDescriptor.execute(TestMethodTestDescriptor.java:68)
	at org.junit.platform.engine.support.hierarchical.NodeTestTask.lambda$executeRecursively$6(NodeTestTask.java:151)
	at org.junit.platform.engine.support.hierarchical.ThrowableCollector.execute(ThrowableCollector.java:73)
	at org.junit.platform.engine.support.hierarchical.NodeTestTask.lambda$executeRecursively$8(NodeTestTask.java:141)
	at org.junit.platform.engine.support.hierarchical.Node.around(Node.java:137)
	at org.junit.platform.engine.support.hierarchical.NodeTestTask.lambda$executeRecursively$9(NodeTestTask.java:139)
	at org.junit.platform.engine.support.hierarchical.ThrowableCollector.execute(ThrowableCollector.java:73)
	at org.junit.platform.engine.support.hierarchical.NodeTestTask.executeRecursively(NodeTestTask.java:138)
	at org.junit.platform.engine.support.hierarchical.NodeTestTask.execute(NodeTestTask.java:95)
	at java.base/java.util.ArrayList.forEach(ArrayList.java:1511)
	at org.junit.platform.engine.support.hierarchical.SameThreadHierarchicalTestExecutorService.invokeAll(SameThreadHierarchicalTestExecutorService.java:41)
	at org.junit.platform.engine.support.hierarchical.NodeTestTask.lambda$executeRecursively$6(NodeTestTask.java:155)
	at org.junit.platform.engine.support.hierarchical.ThrowableCollector.execute(ThrowableCollector.java:73)
	at org.junit.platform.engine.support.hierarchical.NodeTestTask.lambda$executeRecursively$8(NodeTestTask.java:141)
	at org.junit.platform.engine.support.hierarchical.Node.around(Node.java:137)
	at org.junit.platform.engine.support.hierarchical.NodeTestTask.lambda$executeRecursively$9(NodeTestTask.java:139)
	at org.junit.platform.engine.support.hierarchical.ThrowableCollector.execute(ThrowableCollector.java:73)
	at org.junit.platform.engine.support.hierarchical.NodeTestTask.executeRecursively(NodeTestTask.java:138)
	at org.junit.platform.engine.support.hierarchical.NodeTestTask.execute(NodeTestTask.java:95)
	at java.base/java.util.ArrayList.forEach(ArrayList.java:1511)
	at org.junit.platform.engine.support.hierarchical.SameThreadHierarchicalTestExecutorService.invokeAll(SameThreadHierarchicalTestExecutorService.java:41)
	at org.junit.platform.engine.support.hierarchical.NodeTestTask.lambda$executeRecursively$6(NodeTestTask.java:155)
	at org.junit.platform.engine.support.hierarchical.ThrowableCollector.execute(ThrowableCollector.java:73)
	at org.junit.platform.engine.support.hierarchical.NodeTestTask.lambda$executeRecursively$8(NodeTestTask.java:141)
	at org.junit.platform.engine.support.hierarchical.Node.around(Node.java:137)
	at org.junit.platform.engine.support.hierarchical.NodeTestTask.lambda$executeRecursively$9(NodeTestTask.java:139)
	at org.junit.platform.engine.support.hierarchical.ThrowableCollector.execute(ThrowableCollector.java:73)
	at org.junit.platform.engine.support.hierarchical.NodeTestTask.executeRecursively(NodeTestTask.java:138)
	at org.junit.platform.engine.support.hierarchical.NodeTestTask.execute(NodeTestTask.java:95)
	at org.junit.platform.engine.support.hierarchical.SameThreadHierarchicalTestExecutorService.submit(SameThreadHierarchicalTestExecutorService.java:35)
	at org.junit.platform.engine.support.hierarchical.HierarchicalTestExecutor.execute(HierarchicalTestExecutor.java:57)
	at org.junit.platform.engine.support.hierarchical.HierarchicalTestEngine.execute(HierarchicalTestEngine.java:54)
	at org.junit.platform.launcher.core.EngineExecutionOrchestrator.execute(EngineExecutionOrchestrator.java:147)
	at org.junit.platform.launcher.core.EngineExecutionOrchestrator.execute(EngineExecutionOrchestrator.java:127)
	at org.junit.platform.launcher.core.EngineExecutionOrchestrator.execute(EngineExecutionOrchestrator.java:90)
	at org.junit.platform.launcher.core.EngineExecutionOrchestrator.lambda$execute$0(EngineExecutionOrchestrator.java:55)
	at org.junit.platform.launcher.core.EngineExecutionOrchestrator.withInterceptedStreams(EngineExecutionOrchestrator.java:102)
	at org.junit.platform.launcher.core.EngineExecutionOrchestrator.execute(EngineExecutionOrchestrator.java:54)
	at org.junit.platform.launcher.core.DefaultLauncher.execute(DefaultLauncher.java:114)
	at org.junit.platform.launcher.core.DefaultLauncher.execute(DefaultLauncher.java:86)
	at org.junit.platform.launcher.core.DefaultLauncherSession$DelegatingLauncher.execute(DefaultLauncherSession.java:86)
	at org.apache.maven.surefire.junitplatform.LazyLauncher.execute(LazyLauncher.java:50)
	at org.apache.maven.surefire.junitplatform.JUnitPlatformProvider.execute(JUnitPlatformProvider.java:184)
	at org.apache.maven.surefire.junitplatform.JUnitPlatformProvider.invokeAllTests(JUnitPlatformProvider.java:148)
	at org.apache.maven.surefire.junitplatform.JUnitPlatformProvider.invoke(JUnitPlatformProvider.java:122)
	at org.apache.maven.surefire.booter.ForkedBooter.runSuitesInProcess(ForkedBooter.java:385)
	at org.apache.maven.surefire.booter.ForkedBooter.execute(ForkedBooter.java:162)
	at org.apache.maven.surefire.booter.ForkedBooter.run(ForkedBooter.java:507)
	at org.apache.maven.surefire.booter.ForkedBooter.main(ForkedBooter.java:495)
]]></error>
  </testcase>
</testsuite>